<?xml version="1.0" encoding="UTF-8"?>
<!-- Generated by org.testng.reporters.JUnitReportReporter -->
<testsuite hostname="DESKTOP-BSEFOPR" failures="0" tests="1" name="com.qa.hrm.HRMexsLOGS" time="9.771" errors="0" timestamp="2023-02-23T09:33:45 IST" skipped="0">
  <testcase classname="com.qa.hrm.HRMexsLOGS" name="operation" time="9.771"/>
  <system-out/>
</testsuite> <!-- com.qa.hrm.HRMexsLOGS -->
