<?xml version="1.0" encoding="UTF-8"?>
<!-- Generated by org.testng.reporters.JUnitReportReporter -->
<testsuite hostname="DESKTOP-BSEFOPR" failures="0" tests="2" name="Demo1.Ex1" time="0.015" errors="0" timestamp="2023-05-04T10:35:37 IST" skipped="0">
  <testcase classname="Demo1.Ex1" name="test" time="0.009"/>
  <system-out/>
  <testcase classname="Demo1.Ex1" name="test2" time="0.006"/>
  <system-out/>
</testsuite> <!-- Demo1.Ex1 -->
