<?xml version="1.0" encoding="UTF-8"?>
<!-- Generated by org.testng.reporters.JUnitReportReporter -->
<testsuite hostname="DESKTOP-I3CREPH" failures="0" tests="1" name="Tests.Tc_exceldata_001" time="1.591" errors="0" timestamp="2023-03-13T14:27:12 IST" skipped="0">
  <testcase classname="Tests.Tc_exceldata_001" name="exceldata" time="1.591"/>
  <system-out/>
</testsuite> <!-- Tests.Tc_exceldata_001 -->
