<?xml version="1.0" encoding="UTF-8"?>
<!-- Generated by org.testng.reporters.JUnitReportReporter -->
<testsuite hostname="DESKTOP-I3CREPH" failures="0" tests="2" name="Tests.Tc_login_001" time="4.214" errors="0" timestamp="2023-03-07T13:26:39 IST" skipped="0">
  <testcase classname="Tests.Tc_login_001" name="loginlink" time="2.483"/>
  <system-out/>
  <testcase classname="Tests.Tc_login_001" name="text1" time="1.731"/>
  <system-out/>
</testsuite> <!-- Tests.Tc_login_001 -->
