<?xml version="1.0" encoding="UTF-8"?>
<!-- Generated by org.testng.reporters.JUnitReportReporter -->
<testsuite hostname="DESKTOP-I3CREPH" failures="0" tests="1" name="Tests.Tc_links_001" time="0.200" errors="0" timestamp="2023-03-17T15:06:48 IST" skipped="0">
  <testcase classname="Tests.Tc_links_001" name="t6" time="0.200"/>
  <system-out/>
</testsuite> <!-- Tests.Tc_links_001 -->
